1552458638324	mozrunner::runner	INFO	Running command: "C:\\Program Files\\Mozilla Firefox\\firefox.exe" "-marionette" "-foreground" "-no-remote" "-profile" "C:\\Users\\wg186\\AppData\\Local\\Temp\\rust_mozprofile.WT4BaA4VYYjA"
1552458639712	addons.webextension.screenshots@mozilla.org	WARN	Loading extension 'screenshots@mozilla.org': Reading manifest: Invalid host permission: resource://pdf.js/
1552458639712	addons.webextension.screenshots@mozilla.org	WARN	Loading extension 'screenshots@mozilla.org': Reading manifest: Invalid host permission: about:reader*
1552458643151	Marionette	INFO	Listening on port 61629
1552458643261	Marionette	WARN	TLS certificate errors will be ignored for this session
[Child 13804, Chrome_ChildThread] WARNING: pipe error: 109: file z:/build/build/src/ipc/chromium/src/chrome/common/ipc_channel_win.cc, line 332
[Child 11552458649049	Marionette	INFO	Stopped listening on port 61629

###!!! [Child][RunMessage] Error: Channel closing: too late to send/recv, messages will be lost

[GPU 17832, Chrome_C
###!!! [Child][MessageChannel::SendAndWait] Error: Channel error: cannot send/recv

1552458660332	mozrunner::runner	INFO	Running command: "C:\\Program Files\\Mozilla Firefox\\firefox.exe" "-marionette" "-foreground" "-no-remote" "-profile" "C:\\Users\\wg186\\AppData\\Local\\Temp\\rust_mozprofile.g4TFpK3TAqhl"
1552458661290	addons.webextension.screenshots@mozilla.org	WARN	Loading extension 'screenshots@mozilla.org': Reading manifest: Invalid host permission: resource://pdf.js/
1552458661290	addons.webextension.screenshots@mozilla.org	WARN	Loading extension 'screenshots@mozilla.org': Reading manifest: Invalid host permission: about:reader*
1552458664097	Marionette	INFO	Listening on port 61761
1552458664151	Marionette	WARN	TLS certificate errors will be ignored for this session
[Child 4768, Chrome_ChildThread] WARNING: pipe error: 109: file z:/build/build/src/ipc/chromium/src/chrome/common/ipc_channel_win.cc, line 332
[Child 471552458707487	Marionette	INFO	Stopped listening on port 61761

###!!! [Child][RunMessage] Error: Channel closing: too late to send/recv, messages will be lost

[GPU 21844, Ch
###!!! [Child][MessageChannel::SendAndWait] Error: Channel error: cannot send/recv

webextension.screenshots@mozilla.org	WARN	Loading extension 'screenshots@mozilla.org': Reading manifest: Invalid host permission: about:reader*
1552458697000	Marionette	INFO	Listening on port 61907
1552458697268	Marionette	WARN	TLS certificate errors will be ignored for this session
JavaScript error: https://ss1.bdstatic.com/5eN1bjq8AAUYm2zgoY3K/r/www/cache/static/protocol/https/plugins/every_cookie_4644b13.js, line 4: ReferenceError: c is not defined
[Parent 18116, Gecko_IOThread] WARNING: pipe error: 109: file z:/build/build/src/ipc/chromium/src/chrome/common/ipc_channel_win.cc, line 332
[Child 8460, Chrome_ChildThread] WARNING: pipe error: 109: file z:/build/bu[iClhdi/lsdrc/ipc/chromium/src/chrome/common/ i2p3c7_1c6h,annel_win.cc, line 332 
Chrome_Child[TChread] WARNING: pipe error: 109: file z:/build/build/src/ipc/chromium/src/chrome/common/ipc_channel_win.cc, line 332
[Child 23716, Chrome_Chil[Parent 18116, Gecko_IOThread] WARNING: pipe error: 109: file z:/build/build/src/ipc/chromium/src/chrome/common/ipc_channel_win.cc, line 332
[Child 19504, Chrome_ChildThread] WARNING: pipe error: 109: file z:/build/build/src/ipc/chromium/src/chrome/common/ipc_channel_win.cc, line 332
[Child 191552458706032	Marionette	INFO	Stopped listening on port 61907

###!!! [Child][RunMessage] Error: Channel closing: too late to send/recv, messages will be lost

[GPU 18684, Chrome_Chi
###!!! [Child][MessageChannel::SendAndWait] Error: Channel error: cannot send/recv

1552459405194	mozrunner::runner	INFO	Running command: "C:\\Program Files\\Mozilla Firefox\\firefox.exe" "-marionette" "-foreground" "-no-remote" "-profile" "C:\\Users\\wg186\\AppData\\Local\\Temp\\rust_mozprofile.KUR8Zpkd24Ch"
1552459406052	addons.webextension.screenshots@mozilla.org	WARN	Loading extension 'screenshots@mozilla.org': Reading manifest: Invalid host permission: resource://pdf.js/
1552459406053	addons.webextension.screenshots@mozilla.org	WARN	Loading extension 'screenshots@mozilla.org': Reading manifest: Invalid host permission: about:reader*
1552459408256	Marionette	INFO	Listening on port 49937
1552459408431	Marionette	WARN	TLS certificate errors will be ignored for this session
[Parent 18828, Gecko_IOThread] WARNING: pipe error: 109: file z:/build/build/src/ipc/chromium/src/chrome/common/ipc_channel_win.cc, line 332
[Child 2372, Chrome_ChildThread] WARNING: pipe error: 109: file z:/build/build/src/ipc/chromium/src/chrome/common/ipc_channel_win.cc, line 332
1552459413157	Marionette	INFO	Stopped listening on port 49937

###!!! [Child][RunMessage] Error: Channel closing: too late to send/recv, messages will be lost

[GPU 67
###!!! [Child][MessageChannel::SendAndWait] Error: Channel error: cannot send/recv

1552459629936	mozrunner::runner	INFO	Running command: "C:\\Program Files\\Mozilla Firefox\\firefox.exe" "-marionette" "-foreground" "-no-remote" "-profile" "C:\\Users\\wg186\\AppData\\Local\\Temp\\rust_mozprofile.JzPQhpMfp84V"
1552459630476	addons.webextension.screenshots@mozilla.org	WARN	Loading extension 'screenshots@mozilla.org': Reading manifest: Invalid host permission: resource://pdf.js/
1552459630476	addons.webextension.screenshots@mozilla.org	WARN	Loading extension 'screenshots@mozilla.org': Reading manifest: Invalid host permission: about:reader*
1552459632774	Marionette	INFO	Listening on port 50600
1552459633149	Marionette	WARN	TLS certificate errors will be ignored for this session
[Parent 13900, Gecko_IOThread] WARNING: pipe error: 109: file z:/build/build/src/ipc/chromium/src/chrome/common/ipc_channel_win.cc, line 332
[Child 19276, Chrome_ChildThread] WARNING: pipe error: 109: file z:/build/build/src/ipc/chromium/src/chrome/common/ipc_channel_win.cc, line 332
[Child 21980, Chrome_ChildThread] WARNING: pipe error: 109: file z:/build/build/src/ipc/chromium/s[Child 19276, Chrome_ChildThread] rc/chrome/common/ipc_channel_win.cc, liWnAeR N3I3NG: pipe error:2 
109: file z:/build/build/src/ipc/chromium/src/chrome/common/ipc_channel_win.cc, line 332
1552459642244	Marionette	INFO	Stopped listening on port 50600

###!!! [Child][RunMessage] Error: Channel closing: too late to send/recv, messages will be lost


###!!! [Child][MessageChannel::SendAndWait] Error: Channel error: cannot send/recv

1552459678390	mozrunner::runner	INFO	Running command: "C:\\Program Files\\Mozilla Firefox\\firefox.exe" "-marionette" "-foreground" "-no-remote" "-profile" "C:\\Users\\wg186\\AppData\\Local\\Temp\\rust_mozprofile.n037s64NHDpw"
1552459679009	addons.webextension.screenshots@mozilla.org	WARN	Loading extension 'screenshots@mozilla.org': Reading manifest: Invalid host permission: resource://pdf.js/
1552459679009	addons.webextension.screenshots@mozilla.org	WARN	Loading extension 'screenshots@mozilla.org': Reading manifest: Invalid host permission: about:reader*
1552459681375	Marionette	INFO	Listening on port 50791
1552459681611	Marionette	WARN	TLS certificate errors will be ignored for this session
JavaScript warning: https://account.xiaomi.com/static/res/b34a9a0/account-static/respassport/scripts/oo/com/mi/passport/portal/main/2014.js, line 1: unreachable code after return statement
JavaScript warning: https://account.xiaomi.com/static/res/b34a9a0/account-static/respassport/scripts/oo/com/mi/passport/portal/main/2014.js, line 1: unreachable code after return statement
JavaScript warning: https://account.xiaomi.com/static/res/b34a9a0/account-static/respassport/scripts/oo/com/mi/passport/portal/main/2014.js, line 1: unreachable code after return statement
JavaScript warning: https://account.xiaomi.com/static/res/b34a9a0/account-static/respassport/scripts/oo/com/mi/passport/portal/main/2014.js, line 1: unreachable code after return statement
[Child 1996, Chrome_ChildThread] WARNING: pipe error: 109: file z:/build/build/src/ipc/chromium/src/chrome/common/ipc_channel_win.cc, line 332
[Child 19961552459712768	Marionette	INFO	Stopped listening on port 50791

###!!! [Child][RunMessage] Error: Channel closing: too late to send/recv, messages will be lost

[GPU 19144, C
###!!! [Child][MessageChannel::SendAndWait] Error: Channel error: cannot send/recv

1552468006797	mozrunner::runner	INFO	Running command: "C:\\Program Files\\Mozilla Firefox\\firefox.exe" "-marionette" "-foreground" "-no-remote" "-profile" "C:\\Users\\wg186\\AppData\\Local\\Temp\\rust_mozprofile.8pdmHz4DfOeR"
1552468007735	addons.webextension.screenshots@mozilla.org	WARN	Loading extension 'screenshots@mozilla.org': Reading manifest: Invalid host permission: resource://pdf.js/
1552468007736	addons.webextension.screenshots@mozilla.org	WARN	Loading extension 'screenshots@mozilla.org': Reading manifest: Invalid host permission: about:reader*
1552468010312	Marionette	INFO	Listening on port 65045
1552468010615	Marionette	WARN	TLS certificate errors will be ignored for this session
JavaScript warning: https://account.xiaomi.com/static/res/b34a9a0/account-static/respassport/scripts/oo/com/mi/passport/portal/main/2014.js, line 1: unreachable code after return statement
JavaScript warning: https://account.xiaomi.com/static/res/b34a9a0/account-static/respassport/scripts/oo/com/mi/passport/portal/main/2014.js, line 1: unreachable code after return statement
[Child 12828, Chrome_ChildThread] WARNING: pipe error: 109: file z:/build/build/src/ipc/chromium/src/chrome/common/ipc_channel_win.cc, line 332
[Child 12828, Chrome_ChildThread] WARNING: pipe error: 109: file z:/build/build/src/ipc/chromium/src/chrome/common/ipc_channel_win.cc, line 332
[Parent 4944, Gecko_IOThread] WARNING: pipe error: 109: file z:/build/build/src/ipc/chromium/src/chrome/common/ipc_channel_win.cc, line 332
1552468042580	Marionette	INFO	Stopped listening on port 65045

###!!! [Child][RunMessage] Error: Channel closing: too late to send/recv, messages will be lost

[GPU 22240, C
###!!! [Child][MessageChannel::SendAndWait] Error: Channel error: cannot send/recv

 session
JavaScript warning: https://account.xiaomi.com/static/res/b34a9a0/account-static/respassport/scripts/oo/com/mi/passport/portal/main/2014.js, line 1: unreachable code after return statement
JavaScript warning: https://account.xiaomi.com/static/res/b34a9a0/account-static/respassport/scripts/oo/com/mi/passport/portal/main/2014.js, line 1: unreachable code after return statement
1552468062736	mozrunner::runner	INFO	Running command: "C:\\Program Files\\Mozilla Firefox\\firefox.exe" "-marionette" "-foreground" "-no-remote" "-profile" "C:\\Users\\wg186\\AppData\\Local\\Temp\\rust_mozprofile.zhbQ0p2aHTdx"
1552468063607	addons.webextension.screenshots@mozilla.org	WARN	Loading extension 'screenshots@mozilla.org': Reading manifest: Invalid host permission: resource://pdf.js/
1552468063608	addons.webextension.screenshots@mozilla.org	WARN	Loading extension 'screenshots@mozilla.org': Reading manifest: Invalid host permission: about:reader*
1552468066072	Marionette	INFO	Listening on port 65318
1552468066560	Marionette	WARN	TLS certificate errors will be ignored for this session
JavaScript warning: https://account.xiaomi.com/static/res/b34a9a0/account-static/respassport/scripts/oo/com/mi/passport/portal/main/2014.js, line 1: unreachable code after return statement
JavaScript warning: https://account.xiaomi.com/static/res/b34a9a0/account-static/respassport/scripts/oo/com/mi/passport/portal/main/2014.js, line 1: unreachable code after return statement
1552468113085	mozrunner::runner	INFO	Running command: "C:\\Program Files\\Mozilla Firefox\\firefox.exe" "-marionette" "-foreground" "-no-remote" "-profile" "C:\\Users\\wg186\\AppData\\Local\\Temp\\rust_mozprofile.V3Aa6urFOfyj"
1552468113759	addons.webextension.screenshots@mozilla.org	WARN	Loading extension 'screenshots@mozilla.org': Reading manifest: Invalid host permission: resource://pdf.js/
1552468113759	addons.webextension.screenshots@mozilla.org	WARN	Loading extension 'screenshots@mozilla.org': Reading manifest: Invalid host permission: about:reader*
1552468116400	Marionette	INFO	Listening on port 65486
1552468116420	Marionette	WARN	TLS certificate errors will be ignored for this session
JavaScript warning: https://account.xiaomi.com/static/res/b34a9a0/account-static/respassport/scripts/oo/com/mi/passport/portal/main/2014.js, line 1: unreachable code after return statement
JavaScript warning: https://account.xiaomi.com/static/res/b34a9a0/account-static/respassport/scripts/oo/com/mi/passport/portal/main/2014.js, line 1: unreachable code after return statement
1552468141921	mozrunner::runner	INFO	Running command: "C:\\Program Files\\Mozilla Firefox\\firefox.exe" "-marionette" "-foreground" "-no-remote" "-profile" "C:\\Users\\wg186\\AppData\\Local\\Temp\\rust_mozprofile.cCFjmmIwlFFp"
1552468142478	addons.webextension.screenshots@mozilla.org	WARN	Loading extension 'screenshots@mozilla.org': Reading manifest: Invalid host permission: resource://pdf.js/
1552468142478	addons.webextension.screenshots@mozilla.org	WARN	Loading extension 'screenshots@mozilla.org': Reading manifest: Invalid host permission: about:reader*
1552468144904	Marionette	INFO	Listening on port 49241
1552468145150	Marionette	WARN	TLS certificate errors will be ignored for this session
JavaScript warning: https://account.xiaomi.com/static/res/b34a9a0/account-static/respassport/scripts/oo/com/mi/passport/portal/main/2014.js, line 1: unreachable code after return statement
JavaScript warning: https://account.xiaomi.com/static/res/b34a9a0/account-static/respassport/scripts/oo/com/mi/passport/portal/main/2014.js, line 1: unreachable code after return statement
1552468306246	mozrunner::runner	INFO	Running command: "C:\\Program Files\\Mozilla Firefox\\firefox.exe" "-marionette" "-foreground" "-no-remote" "-profile" "C:\\Users\\wg186\\AppData\\Local\\Temp\\rust_mozprofile.vmKWxfM3PuRC"
1552468307143	addons.webextension.screenshots@mozilla.org	WARN	Loading extension 'screenshots@mozilla.org': Reading manifest: Invalid host permission: resource://pdf.js/
1552468307144	addons.webextension.screenshots@mozilla.org	WARN	Loading extension 'screenshots@mozilla.org': Reading manifest: Invalid host permission: about:reader*
1552468309260	Marionette	INFO	Listening on port 49805
1552468309467	Marionette	WARN	TLS certificate errors will be ignored for this session
JavaScript warning: https://account.xiaomi.com/static/res/b34a9a0/account-static/respassport/scripts/oo/com/mi/passport/portal/main/2014.js, line 1: unreachable code after return statement
JavaScript warning: https://account.xiaomi.com/static/res/b34a9a0/account-static/respassport/scripts/oo/com/mi/passport/portal/main/2014.js, line 1: unreachable code after return statement
[Child 17444, Chrome_ChildThread] WARNING: pipe error: 109: file z:/build/build/src/ipc/chromium/src/chrome/common/ipc_channel_win.cc, line 332
[Child 17444, Chro[Parent 1520, Gecko_IOThread] WARNING: pipe error: 109: file z:/build/build/src/ipc/chromium/src/chrome/common/ipc_channel_win.cc, line 332
[Child 13080, Chrome_ChildThread] WARNING: pipe error: 109: file z:/build/build/src/ipc/chromium/src/chrome/common/ipc_channel_win.cc, line 332
[Child 13080, Chrome_ChildThread] WARN1552468379677	Marionette	INFO	Stopped listening on port 49805

###!!! [Child][RunMessage] Error: Channel closing: too late to send/recv, messages will be lost

[GPU 17560, Chrom
###!!! [Child][MessageChannel::SendAndWait] Error: Channel error: cannot send/recv

1552468564519	mozrunner::runner	INFO	Running command: "C:\\Program Files\\Mozilla Firefox\\firefox.exe" "-marionette" "-foreground" "-no-remote" "-profile" "C:\\Users\\wg186\\AppData\\Local\\Temp\\rust_mozprofile.UwraHBVrAMNh"
1552468565440	addons.webextension.screenshots@mozilla.org	WARN	Loading extension 'screenshots@mozilla.org': Reading manifest: Invalid host permission: resource://pdf.js/
1552468565440	addons.webextension.screenshots@mozilla.org	WARN	Loading extension 'screenshots@mozilla.org': Reading manifest: Invalid host permission: about:reader*
1552468567995	Marionette	INFO	Listening on port 50777
1552468568338	Marionette	WARN	TLS certificate errors will be ignored for this session
JavaScript warning: https://account.xiaomi.com/static/res/b34a9a0/account-static/respassport/scripts/oo/com/mi/passport/portal/main/2014.js, line 1: unreachable code after return statement
JavaScript warning: https://account.xiaomi.com/static/res/b34a9a0/account-static/respassport/scripts/oo/com/mi/passport/portal/main/2014.js, line 1: unreachable code after return statement
[Child 9088, Chrome_ChildThread] WARNING: pipe error: 109: file z:/build/build/src/ipc/chromium/src/chrome/common/ipc_channel_win.cc, line 332
[Child 9088, Chro[Child 17936, Chrome_ChildThread] WARNING: pipe error: 109: file z:/build/build/src/ipc/chromium/src/chrome/common/ipc_channel_win.cc, line 332
[Child 17936, Chro1552468601731	Marionette	INFO	Stopped listening on port 50777

###!!! [Child][RunMessage] Error: Channel closing: too late to send/recv, messages will be lost

[GPU 11416, Chrome_ChildThread] WARNING:
###!!! [Child][MessageChannel::SendAndWait] Error: Channel error: cannot send/recv

1552468606109	mozrunner::runner	INFO	Running command: "C:\\Program Files\\Mozilla Firefox\\firefox.exe" "-marionette" "-foreground" "-no-remote" "-profile" "C:\\Users\\wg186\\AppData\\Local\\Temp\\rust_mozprofile.3C50eAEswsGN"
1552468606999	addons.webextension.screenshots@mozilla.org	WARN	Loading extension 'screenshots@mozilla.org': Reading manifest: Invalid host permission: resource://pdf.js/
1552468606999	addons.webextension.screenshots@mozilla.org	WARN	Loading extension 'screenshots@mozilla.org': Reading manifest: Invalid host permission: about:reader*
1552468609679	Marionette	INFO	Listening on port 50986
1552468609939	Marionette	WARN	TLS certificate errors will be ignored for this session
JavaScript warning: https://account.xiaomi.com/static/res/b34a9a0/account-static/respassport/scripts/oo/com/mi/passport/portal/main/2014.js, line 1: unreachable code after return statement
JavaScript warning: https://account.xiaomi.com/static/res/b34a9a0/account-static/respassport/scripts/oo/com/mi/passport/portal/main/2014.js, line 1: unreachable code after return statement
console.error: BroadcastService: 
  receivedBroadcastMessage: handler for
  remote-settings/monitor_changes
  threw error:
  Message: Error: Polling for changes failed: NetworkError when attempting to fetch resource..
  Stack:
    remoteSettingsFunction/remoteSettings.pollChanges@resource://services-settings/remote-settings.js:188:13

1552468761294	mozrunner::runner	INFO	Running command: "C:\\Program Files\\Mozilla Firefox\\firefox.exe" "-marionette" "-foreground" "-no-remote" "-profile" "C:\\Users\\wg186\\AppData\\Local\\Temp\\rust_mozprofile.6NGWgVc0rgFB"
1552468762131	addons.webextension.screenshots@mozilla.org	WARN	Loading extension 'screenshots@mozilla.org': Reading manifest: Invalid host permission: resource://pdf.js/
1552468762132	addons.webextension.screenshots@mozilla.org	WARN	Loading extension 'screenshots@mozilla.org': Reading manifest: Invalid host permission: about:reader*
1552468764364	Marionette	INFO	Listening on port 51496
1552468764510	Marionette	WARN	TLS certificate errors will be ignored for this session
JavaScript warning: https://account.xiaomi.com/static/res/b34a9a0/account-static/respassport/scripts/oo/com/mi/passport/portal/main/2014.js, line 1: unreachable code after return statement
JavaScript warning: https://account.xiaomi.com/static/res/b34a9a0/account-static/respassport/scripts/oo/com/mi/passport/portal/main/2014.js, line 1: unreachable code after return statement
[Child 1632, Chrome_ChildThread] WARNING: pipe error: 109: file z:/build/build/src/ipc/chromium/src/chrome/common/ipc_channel_win.cc, line 332
[Child 1632, Chrome_Ch1552468936652	Marionette	INFO	Stopped listening on port 51496
[GPU 3612, Chrome_ChildT
###!!! [Child][MessageChannel::SendAndWait] Error: Channel error: cannot send/recv

1552468990688	mozrunner::runner	INFO	Running command: "C:\\Program Files\\Mozilla Firefox\\firefox.exe" "-marionette" "-foreground" "-no-remote" "-profile" "C:\\Users\\wg186\\AppData\\Local\\Temp\\rust_mozprofile.yJlVcgniVlil"
1552468991508	addons.webextension.screenshots@mozilla.org	WARN	Loading extension 'screenshots@mozilla.org': Reading manifest: Invalid host permission: resource://pdf.js/
1552468991509	addons.webextension.screenshots@mozilla.org	WARN	Loading extension 'screenshots@mozilla.org': Reading manifest: Invalid host permission: about:reader*
1552468993680	Marionette	INFO	Listening on port 52305
1552468993903	Marionette	WARN	TLS certificate errors will be ignored for this session
JavaScript error: https://account.xiaomi.com/pass/userInfoJsonP?userId=0&callback=setLoginInfo_getAccountInfo, line 3: SyntaxError: expected expression, got '<'
1552469027130	mozrunner::runner	INFO	Running command: "C:\\Program Files\\Mozilla Firefox\\firefox.exe" "-marionette" "-foreground" "-no-remote" "-profile" "C:\\Users\\wg186\\AppData\\Local\\Temp\\rust_mozprofile.ZCIjo9f84WqQ"
1552469027934	addons.webextension.screenshots@mozilla.org	WARN	Loading extension 'screenshots@mozilla.org': Reading manifest: Invalid host permission: resource://pdf.js/
1552469027934	addons.webextension.screenshots@mozilla.org	WARN	Loading extension 'screenshots@mozilla.org': Reading manifest: Invalid host permission: about:reader*
1552469030303	Marionette	INFO	Listening on port 52484
1552469030375	Marionette	WARN	TLS certificate errors will be ignored for this session
JavaScript warning: https://account.xiaomi.com/static/res/b34a9a0/account-static/respassport/scripts/oo/com/mi/passport/portal/main/2014.js, line 1: unreachable code after return statement
JavaScript warning: https://account.xiaomi.com/static/res/b34a9a0/account-static/respassport/scripts/oo/com/mi/passport/portal/main/2014.js, line 1: unreachable code after return statement
IPDL protocol error: Handler returned error code!

###!!! [Parent][DispatchAsyncMessage] Error: PLayerTransaction::Msg_ReleaseLayer Processing error: message was deserialized, but the handler returned false (indicating failure)

IPDL protocol error: Handler returned error code!

###!!! [Parent][DispatchAsyncMessage] Error: PLayerTransaction::Msg_ReleaseLayer Processing error: message was deserialized, but the handler returned false (indicating failure)

IPDL protocol error: Handler returned error code!

###!!! [Parent][DispatchAsyncMessage] Error: PLayerTransaction::Msg_ReleaseLayer Processing error: message was deserialized, but the handler returned false (indicating failure)

IPDL protocol error: Handler returned error code!

###!!! [Parent][DispatchAsyncMessage] Error: PLayerTransaction::Msg_ReleaseLayer Processing error: message was deserialized, but the handler returned false (indicating failure)

IPDL protocol error: Handler returned error code!

###!!! [Parent][DispatchAsyncMessage] Error: PLayerTransaction::Msg_ReleaseLayer Processing error: message was deserialized, but the handler returned false (indicating failure)

IPDL protocol error: Handler returned error code!

###!!! [Parent][DispatchAsyncMessage] Error: PLayerTransaction::Msg_ReleaseLayer Processing error: message was deserialized, but the handler returned false (indicating failure)

IPDL protocol error: Handler returned error code!

###!!! [Parent][DispatchAsyncMessage] Error: PLayerTransaction::Msg_ReleaseLayer Processing error: message was deserialized, but the handler returned false (indicating failure)

[Child 4076, Chrome_ChildThread] WARNING: pipe error: 109: file z:/build/build/src/ipc/chromium/src/chrome/common/ipc_channel_win.cc, line 332
[Child 4076, Chrome_ChildThread] WARNING: pipe error: 109: file z:/build/bu[Child 2241552469103111	Marionette	INFO	Stopped listening on port 52484

###!!! [Child][RunMessage] Error: Channel closing: too late to send/recv, messages will be lost

[GPU 10876, Chrome_Chil
###!!! [Child][MessageChannel::SendAndWait] Error: Channel error: cannot send/recv

1552469763751	mozrunner::runner	INFO	Running command: "C:\\Program Files\\Mozilla Firefox\\firefox.exe" "-marionette" "-foreground" "-no-remote" "-profile" "C:\\Users\\wg186\\AppData\\Local\\Temp\\rust_mozprofile.CB8fTHZtUQHa"
1552469764597	addons.webextension.screenshots@mozilla.org	WARN	Loading extension 'screenshots@mozilla.org': Reading manifest: Invalid host permission: resource://pdf.js/
1552469764597	addons.webextension.screenshots@mozilla.org	WARN	Loading extension 'screenshots@mozilla.org': Reading manifest: Invalid host permission: about:reader*
1552469766724	Marionette	INFO	Listening on port 54759
1552469766968	Marionette	WARN	TLS certificate errors will be ignored for this session
JavaScript warning: https://account.xiaomi.com/static/res/b34a9a0/account-static/respassport/scripts/oo/com/mi/passport/portal/main/2014.js, line 1: unreachable code after return statement
JavaScript warning: https://account.xiaomi.com/static/res/b34a9a0/account-static/respassport/scripts/oo/com/mi/passport/portal/main/2014.js, line 1: unreachable code after return statement
1552469868950	mozrunner::runner	INFO	Running command: "C:\\Program Files\\Mozilla Firefox\\firefox.exe" "-marionette" "-foreground" "-no-remote" "-profile" "C:\\Users\\wg186\\AppData\\Local\\Temp\\rust_mozprofile.GD191CiSOTHp"
1552469869783	addons.webextension.screenshots@mozilla.org	WARN	Loading extension 'screenshots@mozilla.org': Reading manifest: Invalid host permission: resource://pdf.js/
1552469869784	addons.webextension.screenshots@mozilla.org	WARN	Loading extension 'screenshots@mozilla.org': Reading manifest: Invalid host permission: about:reader*
1552469872005	Marionette	INFO	Listening on port 55145
1552469872166	Marionette	WARN	TLS certificate errors will be ignored for this session
JavaScript warning: https://account.xiaomi.com/static/res/b34a9a0/account-static/respassport/scripts/oo/com/mi/passport/portal/main/2014.js, line 1: unreachable code after return statement
JavaScript warning: https://account.xiaomi.com/static/res/b34a9a0/account-static/respassport/scripts/oo/com/mi/passport/portal/main/2014.js, line 1: unreachable code after return statement
